PS C:\7code\aihubtech2\aihubtech> flutter build apk --debug
Support for Android x86 targets will be removed in the next stable release after 3.27. See
https://github.com/flutter/flutter/issues/157543 for details.
lib/services/revenue_cat_service.dart:168:34: Error: The getter 'entitlements' isn't defined for the class 'PurchaseResult'.
 - 'PurchaseResult' is from 'package:purchases_flutter/models/purchase_result.dart' ('/C:/Users/DELL/AppData/Local/Pub/Cache/hosted/pub.dev/purchases_flutter-9.8.0/lib/models/purchase_result.dart').
Try correcting the name to the name of an existing getter, or defining a getter or field named 'entitlements'.       
      final isPro = customerInfo.entitlements.all['pro']?.isActive ?? false;
                                 ^^^^^^^^^^^^
lib/services/revenue_cat_service.dart:179:25: Error: The argument type 'PurchaseResult' can't be assigned to the parameter type 'CustomerInfo?'.
 - 'PurchaseResult' is from 'package:purchases_flutter/models/purchase_result.dart' ('/C:/Users/DELL/AppData/Local/Pub/Cache/hosted/pub.dev/purchases_flutter-9.8.0/lib/models/purchase_result.dart').
 - 'CustomerInfo' is from 'package:purchases_flutter/models/customer_info_wrapper.dart' ('/C:/Users/DELL/AppData/Local/Pub/Cache/hosted/pub.dev/purchases_flutter-9.8.0/lib/models/customer_info_wrapper.dart').
          customerInfo: customerInfo,
                        ^
Target kernel_snapshot_program failed: Exception


FAILURE: Build failed with an exception.

* What went wrong:
Execution failed for task ':app:compileFlutterBuildDebug'.
> Process 'command 'C:\msdk\flutter\bin\flutter.bat'' finished with non-zero exit value 1

* Try:
> Run with --stacktrace option to get the stack trace.
> Run with --info or --debug option to get more log output.
> Run with --scan to get full insights.
> Get more help at https://help.gradle.org.

BUILD FAILED in 42s
Running Gradle task 'assembleDebug'...                             42.7s
Gradle task assembleDebug failed with exit code 1
PS C:\7code\aihubtech2\aihubtech> 